mode: atomic
github.com/goproxy/goproxy/cmd/goproxy/main.go:9.13,9.44 1 0
github.com/goproxy/goproxy/cmd/goproxy/internal/goproxy_cmd.go:10.37,22.2 4 0
github.com/goproxy/goproxy/cmd/goproxy/internal/internal.go:6.20,7.50 1 0
github.com/goproxy/goproxy/cmd/goproxy/internal/internal.go:7.50,9.3 1 0
github.com/goproxy/goproxy/cmd/goproxy/internal/internal.go:10.2,10.10 1 0
github.com/goproxy/goproxy/cmd/goproxy/internal/internal.go:17.23,18.27 1 0
github.com/goproxy/goproxy/cmd/goproxy/internal/internal.go:18.27,20.3 1 0
github.com/goproxy/goproxy/cmd/goproxy/internal/internal.go:21.2,21.70 1 0
github.com/goproxy/goproxy/cmd/goproxy/internal/internal.go:21.70,23.3 1 0
github.com/goproxy/goproxy/cmd/goproxy/internal/internal.go:24.2,24.20 1 0
github.com/goproxy/goproxy/cmd/goproxy/internal/s3_cacher.go:39.59,47.25 2 0
github.com/goproxy/goproxy/cmd/goproxy/internal/s3_cacher.go:47.25,49.3 1 0
github.com/goproxy/goproxy/cmd/goproxy/internal/s3_cacher.go:50.2,51.16 2 0
github.com/goproxy/goproxy/cmd/goproxy/internal/s3_cacher.go:51.16,53.3 1 0
github.com/goproxy/goproxy/cmd/goproxy/internal/s3_cacher.go:54.2,58.8 1 0
github.com/goproxy/goproxy/cmd/goproxy/internal/s3_cacher.go:62.83,64.16 2 0
github.com/goproxy/goproxy/cmd/goproxy/internal/s3_cacher.go:64.16,65.67 1 0
github.com/goproxy/goproxy/cmd/goproxy/internal/s3_cacher.go:65.67,67.4 1 0
github.com/goproxy/goproxy/cmd/goproxy/internal/s3_cacher.go:68.3,68.18 1 0
github.com/goproxy/goproxy/cmd/goproxy/internal/s3_cacher.go:70.2,71.16 2 0
github.com/goproxy/goproxy/cmd/goproxy/internal/s3_cacher.go:71.16,72.67 1 0
github.com/goproxy/goproxy/cmd/goproxy/internal/s3_cacher.go:72.67,74.4 1 0
github.com/goproxy/goproxy/cmd/goproxy/internal/s3_cacher.go:75.3,75.18 1 0
github.com/goproxy/goproxy/cmd/goproxy/internal/s3_cacher.go:77.2,77.31 1 0
github.com/goproxy/goproxy/cmd/goproxy/internal/s3_cacher.go:81.89,83.16 2 0
github.com/goproxy/goproxy/cmd/goproxy/internal/s3_cacher.go:83.16,85.3 1 0
github.com/goproxy/goproxy/cmd/goproxy/internal/s3_cacher.go:86.2,86.57 1 0
github.com/goproxy/goproxy/cmd/goproxy/internal/s3_cacher.go:86.57,88.3 1 0
github.com/goproxy/goproxy/cmd/goproxy/internal/s3_cacher.go:90.2,92.9 3 0
github.com/goproxy/goproxy/cmd/goproxy/internal/s3_cacher.go:93.63,94.50 1 0
github.com/goproxy/goproxy/cmd/goproxy/internal/s3_cacher.go:95.62,96.44 1 0
github.com/goproxy/goproxy/cmd/goproxy/internal/s3_cacher.go:97.25,98.34 1 0
github.com/goproxy/goproxy/cmd/goproxy/internal/s3_cacher.go:99.41,100.57 1 0
github.com/goproxy/goproxy/cmd/goproxy/internal/s3_cacher.go:100.57,101.20 1 0
github.com/goproxy/goproxy/cmd/goproxy/internal/s3_cacher.go:102.28,103.46 1 0
github.com/goproxy/goproxy/cmd/goproxy/internal/s3_cacher.go:108.2,113.12 2 0
github.com/goproxy/goproxy/cmd/goproxy/internal/s3_cacher.go:123.64,125.2 1 0
github.com/goproxy/goproxy/cmd/goproxy/internal/s3_cacher.go:128.46,130.2 1 0
github.com/goproxy/goproxy/cmd/goproxy/internal/s3_cacher.go:133.35,134.31 1 0
github.com/goproxy/goproxy/cmd/goproxy/internal/s3_cacher.go:134.31,136.3 1 0
github.com/goproxy/goproxy/cmd/goproxy/internal/s3_cacher.go:137.2,137.11 1 0
github.com/goproxy/goproxy/cmd/goproxy/internal/server_cmd.go:23.36,40.59 3 0
github.com/goproxy/goproxy/cmd/goproxy/internal/server_cmd.go:40.59,40.98 1 0
github.com/goproxy/goproxy/cmd/goproxy/internal/server_cmd.go:41.2,41.12 1 0
github.com/goproxy/goproxy/cmd/goproxy/internal/server_cmd.go:65.62,92.2 26 0
github.com/goproxy/goproxy/cmd/goproxy/internal/server_cmd.go:95.82,112.20 6 0
github.com/goproxy/goproxy/cmd/goproxy/internal/server_cmd.go:113.13,114.46 1 0
github.com/goproxy/goproxy/cmd/goproxy/internal/server_cmd.go:115.12,119.17 4 0
github.com/goproxy/goproxy/cmd/goproxy/internal/server_cmd.go:119.17,121.4 1 0
github.com/goproxy/goproxy/cmd/goproxy/internal/server_cmd.go:122.3,122.17 1 0
github.com/goproxy/goproxy/cmd/goproxy/internal/server_cmd.go:123.10,124.56 1 0
github.com/goproxy/goproxy/cmd/goproxy/internal/server_cmd.go:127.2,128.23 2 0
github.com/goproxy/goproxy/cmd/goproxy/internal/server_cmd.go:129.14,130.51 1 0
github.com/goproxy/goproxy/cmd/goproxy/internal/server_cmd.go:131.14,132.51 1 0
github.com/goproxy/goproxy/cmd/goproxy/internal/server_cmd.go:133.10,134.63 1 0
github.com/goproxy/goproxy/cmd/goproxy/internal/server_cmd.go:136.2,139.26 3 0
github.com/goproxy/goproxy/cmd/goproxy/internal/server_cmd.go:139.26,141.3 1 0
github.com/goproxy/goproxy/cmd/goproxy/internal/server_cmd.go:142.2,142.26 1 0
github.com/goproxy/goproxy/cmd/goproxy/internal/server_cmd.go:142.26,143.47 1 0
github.com/goproxy/goproxy/cmd/goproxy/internal/server_cmd.go:143.47,144.76 1 0
github.com/goproxy/goproxy/cmd/goproxy/internal/server_cmd.go:144.76,148.5 3 0
github.com/goproxy/goproxy/cmd/goproxy/internal/server_cmd.go:152.2,155.53 1 0
github.com/goproxy/goproxy/cmd/goproxy/internal/server_cmd.go:155.53,155.77 1 0
github.com/goproxy/goproxy/cmd/goproxy/internal/server_cmd.go:157.2,160.12 4 0
github.com/goproxy/goproxy/cmd/goproxy/internal/server_cmd.go:160.12,161.52 1 0
github.com/goproxy/goproxy/cmd/goproxy/internal/server_cmd.go:161.52,163.4 1 0
github.com/goproxy/goproxy/cmd/goproxy/internal/server_cmd.go:163.9,165.4 1 0
github.com/goproxy/goproxy/cmd/goproxy/internal/server_cmd.go:166.3,166.9 1 0
github.com/goproxy/goproxy/cmd/goproxy/internal/server_cmd.go:168.2,169.69 2 0
github.com/goproxy/goproxy/cmd/goproxy/internal/server_cmd.go:169.69,171.3 1 0
github.com/goproxy/goproxy/cmd/goproxy/internal/server_cmd.go:173.2,174.29 2 0
github.com/goproxy/goproxy/cmd/goproxy/internal/server_cmd.go:174.29,178.3 3 0
github.com/goproxy/goproxy/cmd/goproxy/internal/server_cmd.go:179.2,179.37 1 0
github.com/goproxy/goproxy/cmd/goproxy/internal/server_cmd.go:186.58,188.32 2 0
github.com/goproxy/goproxy/cmd/goproxy/internal/server_cmd.go:188.32,191.62 3 0
github.com/goproxy/goproxy/cmd/goproxy/internal/server_cmd.go:191.62,193.4 1 0
github.com/goproxy/goproxy/cmd/goproxy/internal/server_cmd.go:195.2,195.27 1 0
github.com/goproxy/goproxy/cmd/goproxy/internal/server_cmd.go:195.27,197.3 1 0
github.com/goproxy/goproxy/cmd/goproxy/internal/server_cmd.go:198.2,198.22 1 0
github.com/goproxy/goproxy/cacher.go:44.82,46.16 2 19
github.com/goproxy/goproxy/cacher.go:46.16,48.3 1 17
github.com/goproxy/goproxy/cacher.go:49.2,50.16 2 2
github.com/goproxy/goproxy/cacher.go:50.16,52.3 1 0
github.com/goproxy/goproxy/cacher.go:53.2,56.15 1 2
github.com/goproxy/goproxy/cacher.go:60.88,63.48 3 42
github.com/goproxy/goproxy/cacher.go:63.48,65.3 1 1
github.com/goproxy/goproxy/cacher.go:67.2,68.16 2 41
github.com/goproxy/goproxy/cacher.go:68.16,70.3 1 0
github.com/goproxy/goproxy/cacher.go:71.2,72.47 2 41
github.com/goproxy/goproxy/cacher.go:72.47,74.3 1 2
github.com/goproxy/goproxy/cacher.go:75.2,75.34 1 39
github.com/goproxy/goproxy/cacher.go:75.34,77.3 1 0
github.com/goproxy/goproxy/cacher.go:79.2,79.50 1 39
github.com/goproxy/goproxy/cacher.go:79.50,81.3 1 0
github.com/goproxy/goproxy/cacher.go:82.2,82.34 1 39
github.com/goproxy/goproxy/fetcher.go:137.29,139.16 2 92
github.com/goproxy/goproxy/fetcher.go:139.16,141.3 1 36
github.com/goproxy/goproxy/fetcher.go:142.2,143.24 2 92
github.com/goproxy/goproxy/fetcher.go:143.24,144.42 1 10136
github.com/goproxy/goproxy/fetcher.go:144.42,145.13 1 10136
github.com/goproxy/goproxy/fetcher.go:146.23,146.23 0 62
github.com/goproxy/goproxy/fetcher.go:147.19,148.22 1 47
github.com/goproxy/goproxy/fetcher.go:149.21,150.24 1 7
github.com/goproxy/goproxy/fetcher.go:151.19,152.19 1 42
github.com/goproxy/goproxy/fetcher.go:153.21,154.21 1 3
github.com/goproxy/goproxy/fetcher.go:155.21,156.21 1 2
github.com/goproxy/goproxy/fetcher.go:157.12,158.31 1 9973
github.com/goproxy/goproxy/fetcher.go:162.2,163.23 2 92
github.com/goproxy/goproxy/fetcher.go:163.23,165.3 1 1
github.com/goproxy/goproxy/fetcher.go:166.2,166.27 1 91
github.com/goproxy/goproxy/fetcher.go:166.27,168.3 1 85
github.com/goproxy/goproxy/fetcher.go:169.2,171.24 3 91
github.com/goproxy/goproxy/fetcher.go:171.24,173.3 1 88
github.com/goproxy/goproxy/fetcher.go:174.2,185.29 3 91
github.com/goproxy/goproxy/fetcher.go:185.29,187.3 1 11
github.com/goproxy/goproxy/fetcher.go:189.2,190.25 2 91
github.com/goproxy/goproxy/fetcher.go:190.25,192.17 2 68
github.com/goproxy/goproxy/fetcher.go:192.17,195.4 2 4
github.com/goproxy/goproxy/fetcher.go:196.3,197.44 2 64
github.com/goproxy/goproxy/fetcher.go:203.50,205.2 1 40
github.com/goproxy/goproxy/fetcher.go:208.113,209.48 1 13
github.com/goproxy/goproxy/fetcher.go:209.48,212.3 2 1
github.com/goproxy/goproxy/fetcher.go:213.2,213.24 1 12
github.com/goproxy/goproxy/fetcher.go:213.24,215.3 1 1
github.com/goproxy/goproxy/fetcher.go:215.8,216.66 1 11
github.com/goproxy/goproxy/fetcher.go:216.66,219.4 2 11
github.com/goproxy/goproxy/fetcher.go:219.19,222.4 2 1
github.com/goproxy/goproxy/fetcher.go:224.2,224.8 1 12
github.com/goproxy/goproxy/fetcher.go:229.134,231.16 2 17
github.com/goproxy/goproxy/fetcher.go:231.16,233.3 1 2
github.com/goproxy/goproxy/fetcher.go:234.2,235.16 2 15
github.com/goproxy/goproxy/fetcher.go:235.16,237.3 1 1
github.com/goproxy/goproxy/fetcher.go:238.2,239.30 2 14
github.com/goproxy/goproxy/fetcher.go:239.30,241.3 1 10
github.com/goproxy/goproxy/fetcher.go:241.8,243.3 1 4
github.com/goproxy/goproxy/fetcher.go:244.2,246.16 3 14
github.com/goproxy/goproxy/fetcher.go:246.16,248.3 1 3
github.com/goproxy/goproxy/fetcher.go:249.2,250.16 2 11
github.com/goproxy/goproxy/fetcher.go:250.16,253.3 2 1
github.com/goproxy/goproxy/fetcher.go:254.2,254.8 1 10
github.com/goproxy/goproxy/fetcher.go:259.116,261.16 2 4
github.com/goproxy/goproxy/fetcher.go:261.16,263.3 1 1
github.com/goproxy/goproxy/fetcher.go:264.2,268.63 2 3
github.com/goproxy/goproxy/fetcher.go:272.92,273.48 1 9
github.com/goproxy/goproxy/fetcher.go:273.48,276.3 2 1
github.com/goproxy/goproxy/fetcher.go:278.2,278.24 1 8
github.com/goproxy/goproxy/fetcher.go:278.24,280.3 1 1
github.com/goproxy/goproxy/fetcher.go:280.8,281.66 1 7
github.com/goproxy/goproxy/fetcher.go:281.66,284.4 2 7
github.com/goproxy/goproxy/fetcher.go:284.19,287.4 2 1
github.com/goproxy/goproxy/fetcher.go:289.2,289.16 1 8
github.com/goproxy/goproxy/fetcher.go:289.16,291.3 1 2
github.com/goproxy/goproxy/fetcher.go:293.2,293.35 1 6
github.com/goproxy/goproxy/fetcher.go:293.35,295.86 2 15
github.com/goproxy/goproxy/fetcher.go:295.86,297.4 1 11
github.com/goproxy/goproxy/fetcher.go:297.9,299.4 1 4
github.com/goproxy/goproxy/fetcher.go:301.2,301.67 1 6
github.com/goproxy/goproxy/fetcher.go:301.67,303.3 1 15
github.com/goproxy/goproxy/fetcher.go:304.2,305.8 2 6
github.com/goproxy/goproxy/fetcher.go:310.113,312.16 2 10
github.com/goproxy/goproxy/fetcher.go:312.16,314.3 1 2
github.com/goproxy/goproxy/fetcher.go:315.2,317.16 3 8
github.com/goproxy/goproxy/fetcher.go:317.16,319.3 1 3
github.com/goproxy/goproxy/fetcher.go:320.2,321.8 2 5
github.com/goproxy/goproxy/fetcher.go:326.98,328.16 2 4
github.com/goproxy/goproxy/fetcher.go:328.16,330.3 1 1
github.com/goproxy/goproxy/fetcher.go:331.2,332.53 2 3
github.com/goproxy/goproxy/fetcher.go:336.120,337.48 1 23
github.com/goproxy/goproxy/fetcher.go:337.48,340.3 2 1
github.com/goproxy/goproxy/fetcher.go:342.2,342.60 1 22
github.com/goproxy/goproxy/fetcher.go:342.60,344.3 1 5
github.com/goproxy/goproxy/fetcher.go:346.2,354.24 2 17
github.com/goproxy/goproxy/fetcher.go:354.24,356.3 1 1
github.com/goproxy/goproxy/fetcher.go:356.8,357.66 1 16
github.com/goproxy/goproxy/fetcher.go:357.66,360.4 2 16
github.com/goproxy/goproxy/fetcher.go:360.19,363.4 2 1
github.com/goproxy/goproxy/fetcher.go:365.2,365.16 1 17
github.com/goproxy/goproxy/fetcher.go:365.16,367.3 1 1
github.com/goproxy/goproxy/fetcher.go:368.2,368.20 1 16
github.com/goproxy/goproxy/fetcher.go:368.20,369.16 1 14
github.com/goproxy/goproxy/fetcher.go:369.16,370.18 1 14
github.com/goproxy/goproxy/fetcher.go:370.18,372.5 1 5
github.com/goproxy/goproxy/fetcher.go:374.8,375.20 1 2
github.com/goproxy/goproxy/fetcher.go:375.21,375.22 0 2
github.com/goproxy/goproxy/fetcher.go:378.2,379.16 2 16
github.com/goproxy/goproxy/fetcher.go:379.16,381.3 1 1
github.com/goproxy/goproxy/fetcher.go:382.2,383.16 2 15
github.com/goproxy/goproxy/fetcher.go:383.16,385.3 1 1
github.com/goproxy/goproxy/fetcher.go:386.2,387.16 2 14
github.com/goproxy/goproxy/fetcher.go:387.16,389.3 1 1
github.com/goproxy/goproxy/fetcher.go:390.2,390.27 1 13
github.com/goproxy/goproxy/fetcher.go:390.27,392.17 2 5
github.com/goproxy/goproxy/fetcher.go:392.17,394.4 1 1
github.com/goproxy/goproxy/fetcher.go:395.3,396.17 2 4
github.com/goproxy/goproxy/fetcher.go:396.17,398.4 1 1
github.com/goproxy/goproxy/fetcher.go:401.2,403.16 3 11
github.com/goproxy/goproxy/fetcher.go:403.16,405.3 1 0
github.com/goproxy/goproxy/fetcher.go:406.2,407.16 2 11
github.com/goproxy/goproxy/fetcher.go:407.16,410.3 2 0
github.com/goproxy/goproxy/fetcher.go:412.2,414.26 1 11
github.com/goproxy/goproxy/fetcher.go:414.26,415.42 1 33
github.com/goproxy/goproxy/fetcher.go:415.42,417.5 1 11
github.com/goproxy/goproxy/fetcher.go:420.2,424.41 2 11
github.com/goproxy/goproxy/fetcher.go:424.41,427.3 2 12
github.com/goproxy/goproxy/fetcher.go:428.2,432.40 2 11
github.com/goproxy/goproxy/fetcher.go:432.40,435.3 2 12
github.com/goproxy/goproxy/fetcher.go:436.2,440.40 2 11
github.com/goproxy/goproxy/fetcher.go:440.40,443.3 2 12
github.com/goproxy/goproxy/fetcher.go:444.2,444.8 1 11
github.com/goproxy/goproxy/fetcher.go:449.158,451.16 2 23
github.com/goproxy/goproxy/fetcher.go:451.16,453.3 1 1
github.com/goproxy/goproxy/fetcher.go:454.2,455.16 2 22
github.com/goproxy/goproxy/fetcher.go:455.16,457.3 1 1
github.com/goproxy/goproxy/fetcher.go:458.2,461.16 3 21
github.com/goproxy/goproxy/fetcher.go:461.16,463.3 1 1
github.com/goproxy/goproxy/fetcher.go:464.2,464.15 1 20
github.com/goproxy/goproxy/fetcher.go:464.15,465.17 1 20
github.com/goproxy/goproxy/fetcher.go:465.17,467.4 1 5
github.com/goproxy/goproxy/fetcher.go:470.2,471.16 2 20
github.com/goproxy/goproxy/fetcher.go:471.16,473.3 1 3
github.com/goproxy/goproxy/fetcher.go:474.2,475.16 2 17
github.com/goproxy/goproxy/fetcher.go:475.16,477.3 1 1
github.com/goproxy/goproxy/fetcher.go:478.2,479.16 2 16
github.com/goproxy/goproxy/fetcher.go:479.16,481.3 1 1
github.com/goproxy/goproxy/fetcher.go:482.2,482.19 1 15
github.com/goproxy/goproxy/fetcher.go:482.19,482.44 1 15
github.com/goproxy/goproxy/fetcher.go:483.2,483.8 1 15
github.com/goproxy/goproxy/fetcher.go:488.127,490.16 2 4
github.com/goproxy/goproxy/fetcher.go:490.16,492.3 1 1
github.com/goproxy/goproxy/fetcher.go:493.2,494.87 2 3
github.com/goproxy/goproxy/fetcher.go:498.82,499.37 1 18
github.com/goproxy/goproxy/fetcher.go:499.37,501.16 2 6
github.com/goproxy/goproxy/fetcher.go:501.16,501.46 1 6
github.com/goproxy/goproxy/fetcher.go:504.2,505.16 2 18
github.com/goproxy/goproxy/fetcher.go:505.16,507.3 1 1
github.com/goproxy/goproxy/fetcher.go:508.2,511.17 3 17
github.com/goproxy/goproxy/fetcher.go:511.17,513.3 1 17
github.com/goproxy/goproxy/fetcher.go:514.2,518.16 5 17
github.com/goproxy/goproxy/fetcher.go:518.16,519.35 1 7
github.com/goproxy/goproxy/fetcher.go:519.35,521.4 1 1
github.com/goproxy/goproxy/fetcher.go:522.3,522.22 1 6
github.com/goproxy/goproxy/fetcher.go:522.22,524.78 2 2
github.com/goproxy/goproxy/fetcher.go:524.78,526.5 1 2
github.com/goproxy/goproxy/fetcher.go:527.9,527.49 1 4
github.com/goproxy/goproxy/fetcher.go:527.49,529.4 1 3
github.com/goproxy/goproxy/fetcher.go:530.3,530.23 1 6
github.com/goproxy/goproxy/fetcher.go:530.23,532.4 1 1
github.com/goproxy/goproxy/fetcher.go:533.3,534.51 2 5
github.com/goproxy/goproxy/fetcher.go:534.51,535.47 1 6
github.com/goproxy/goproxy/fetcher.go:535.47,537.5 1 6
github.com/goproxy/goproxy/fetcher.go:539.3,542.40 4 5
github.com/goproxy/goproxy/fetcher.go:544.2,544.20 1 10
github.com/goproxy/goproxy/fetcher.go:550.57,551.57 1 104
github.com/goproxy/goproxy/fetcher.go:551.57,553.3 1 47
github.com/goproxy/goproxy/fetcher.go:554.2,555.23 2 57
github.com/goproxy/goproxy/fetcher.go:555.23,557.54 2 64
github.com/goproxy/goproxy/fetcher.go:557.54,561.24 4 14
github.com/goproxy/goproxy/fetcher.go:561.24,563.5 1 5
github.com/goproxy/goproxy/fetcher.go:564.9,567.4 2 50
github.com/goproxy/goproxy/fetcher.go:568.3,569.16 2 64
github.com/goproxy/goproxy/fetcher.go:570.11,571.12 1 4
github.com/goproxy/goproxy/fetcher.go:572.24,574.19 2 16
github.com/goproxy/goproxy/fetcher.go:575.11,576.46 1 44
github.com/goproxy/goproxy/fetcher.go:576.46,578.5 1 1
github.com/goproxy/goproxy/fetcher.go:580.3,580.25 1 59
github.com/goproxy/goproxy/fetcher.go:582.2,582.19 1 56
github.com/goproxy/goproxy/fetcher.go:582.19,584.3 1 4
github.com/goproxy/goproxy/fetcher.go:585.2,585.21 1 52
github.com/goproxy/goproxy/fetcher.go:589.105,590.22 1 54
github.com/goproxy/goproxy/fetcher.go:590.22,592.3 1 1
github.com/goproxy/goproxy/fetcher.go:593.2,594.23 2 53
github.com/goproxy/goproxy/fetcher.go:594.23,599.54 2 60
github.com/goproxy/goproxy/fetcher.go:599.54,603.4 3 13
github.com/goproxy/goproxy/fetcher.go:603.9,606.4 2 47
github.com/goproxy/goproxy/fetcher.go:607.3,607.16 1 60
github.com/goproxy/goproxy/fetcher.go:608.17,609.21 1 8
github.com/goproxy/goproxy/fetcher.go:610.14,611.66 1 3
github.com/goproxy/goproxy/fetcher.go:613.3,614.17 2 49
github.com/goproxy/goproxy/fetcher.go:614.17,616.4 1 1
github.com/goproxy/goproxy/fetcher.go:617.3,617.36 1 48
github.com/goproxy/goproxy/fetcher.go:617.36,618.57 1 17
github.com/goproxy/goproxy/fetcher.go:618.57,620.13 2 12
github.com/goproxy/goproxy/fetcher.go:622.4,622.14 1 5
github.com/goproxy/goproxy/fetcher.go:624.3,624.13 1 31
github.com/goproxy/goproxy/fetcher.go:626.2,626.16 1 5
github.com/goproxy/goproxy/fetcher.go:632.48,633.57 1 94
github.com/goproxy/goproxy/fetcher.go:633.57,635.3 1 51
github.com/goproxy/goproxy/fetcher.go:636.2,636.19 1 43
github.com/goproxy/goproxy/fetcher.go:642.108,644.29 2 95
github.com/goproxy/goproxy/fetcher.go:644.29,646.3 1 3
github.com/goproxy/goproxy/fetcher.go:646.8,646.18 1 92
github.com/goproxy/goproxy/fetcher.go:646.18,648.3 1 1
github.com/goproxy/goproxy/fetcher.go:650.2,650.18 1 91
github.com/goproxy/goproxy/fetcher.go:651.30,652.22 1 2
github.com/goproxy/goproxy/fetcher.go:652.22,654.4 1 1
github.com/goproxy/goproxy/fetcher.go:655.3,655.14 1 2
github.com/goproxy/goproxy/fetcher.go:656.25,657.29 1 68
github.com/goproxy/goproxy/fetcher.go:659.2,660.16 2 91
github.com/goproxy/goproxy/fetcher.go:660.16,662.3 1 5
github.com/goproxy/goproxy/fetcher.go:663.2,671.84 4 86
github.com/goproxy/goproxy/fetcher.go:671.84,673.3 1 1
github.com/goproxy/goproxy/fetcher.go:674.2,675.20 2 85
github.com/goproxy/goproxy/fetcher.go:675.20,677.17 2 21
github.com/goproxy/goproxy/fetcher.go:677.17,679.4 1 1
github.com/goproxy/goproxy/fetcher.go:680.3,680.22 1 20
github.com/goproxy/goproxy/fetcher.go:682.2,682.8 1 84
github.com/goproxy/goproxy/fetcher.go:686.50,688.23 2 188
github.com/goproxy/goproxy/fetcher.go:688.23,690.3 1 193
github.com/goproxy/goproxy/fetcher.go:691.2,691.64 1 188
github.com/goproxy/goproxy/fetcher.go:691.64,693.3 1 193
github.com/goproxy/goproxy/fetcher.go:698.56,699.52 1 37
github.com/goproxy/goproxy/fetcher.go:699.52,701.3 1 7
github.com/goproxy/goproxy/fetcher.go:702.2,702.49 1 30
github.com/goproxy/goproxy/fetcher.go:702.49,707.3 1 6
github.com/goproxy/goproxy/fetcher.go:708.2,708.12 1 24
github.com/goproxy/goproxy/fetcher.go:712.54,714.2 1 33
github.com/goproxy/goproxy/fetcher.go:717.57,722.57 2 34
github.com/goproxy/goproxy/fetcher.go:722.57,724.3 1 4
github.com/goproxy/goproxy/fetcher.go:725.2,725.35 1 30
github.com/goproxy/goproxy/fetcher.go:725.35,727.3 1 1
github.com/goproxy/goproxy/fetcher.go:728.2,728.43 1 29
github.com/goproxy/goproxy/fetcher.go:733.64,735.16 2 19
github.com/goproxy/goproxy/fetcher.go:735.16,737.3 1 1
github.com/goproxy/goproxy/fetcher.go:738.2,739.16 2 18
github.com/goproxy/goproxy/fetcher.go:739.16,741.3 1 2
github.com/goproxy/goproxy/fetcher.go:742.2,742.24 1 16
github.com/goproxy/goproxy/fetcher.go:746.38,748.16 2 19
github.com/goproxy/goproxy/fetcher.go:748.16,750.3 1 1
github.com/goproxy/goproxy/fetcher.go:751.2,753.21 3 18
github.com/goproxy/goproxy/fetcher.go:753.21,754.69 1 18
github.com/goproxy/goproxy/fetcher.go:754.69,756.4 1 16
github.com/goproxy/goproxy/fetcher.go:758.2,758.38 1 2
github.com/goproxy/goproxy/fetcher.go:758.38,760.3 1 0
github.com/goproxy/goproxy/fetcher.go:761.2,761.69 1 2
github.com/goproxy/goproxy/fetcher.go:766.93,768.16 2 10
github.com/goproxy/goproxy/fetcher.go:768.16,769.41 1 2
github.com/goproxy/goproxy/fetcher.go:769.41,771.4 1 1
github.com/goproxy/goproxy/fetcher.go:772.3,772.13 1 1
github.com/goproxy/goproxy/fetcher.go:774.2,774.94 1 8
github.com/goproxy/goproxy/fetcher.go:774.94,774.118 1 8
github.com/goproxy/goproxy/fetcher.go:775.2,775.16 1 8
github.com/goproxy/goproxy/fetcher.go:775.16,777.3 1 1
github.com/goproxy/goproxy/fetcher.go:778.2,779.44 2 7
github.com/goproxy/goproxy/fetcher.go:779.44,781.3 1 2
github.com/goproxy/goproxy/fetcher.go:782.2,782.12 1 5
github.com/goproxy/goproxy/fetcher.go:787.65,788.104 1 17
github.com/goproxy/goproxy/fetcher.go:788.104,790.3 1 3
github.com/goproxy/goproxy/fetcher.go:791.2,791.12 1 14
github.com/goproxy/goproxy/fetcher.go:796.93,798.16 2 9
github.com/goproxy/goproxy/fetcher.go:798.16,799.41 1 2
github.com/goproxy/goproxy/fetcher.go:799.41,801.4 1 1
github.com/goproxy/goproxy/fetcher.go:802.3,802.13 1 1
github.com/goproxy/goproxy/fetcher.go:804.2,805.16 2 7
github.com/goproxy/goproxy/fetcher.go:805.16,807.3 1 1
github.com/goproxy/goproxy/fetcher.go:808.2,809.44 2 6
github.com/goproxy/goproxy/fetcher.go:809.44,811.3 1 2
github.com/goproxy/goproxy/fetcher.go:812.2,812.12 1 4
github.com/goproxy/goproxy/fetcher.go:819.35,819.49 1 37
github.com/goproxy/goproxy/goproxy.go:84.26,86.22 2 76
github.com/goproxy/goproxy/goproxy.go:86.22,88.3 1 28
github.com/goproxy/goproxy/goproxy.go:90.2,91.40 2 76
github.com/goproxy/goproxy/goproxy.go:91.40,93.22 2 15
github.com/goproxy/goproxy/goproxy.go:93.22,94.12 1 1
github.com/goproxy/goproxy/goproxy.go:96.3,98.21 3 14
github.com/goproxy/goproxy/goproxy.go:98.21,100.4 1 13
github.com/goproxy/goproxy/goproxy.go:101.3,102.17 2 14
github.com/goproxy/goproxy/goproxy.go:102.17,103.12 1 1
github.com/goproxy/goproxy/goproxy.go:105.3,105.28 1 13
github.com/goproxy/goproxy/goproxy.go:108.2,111.21 3 76
github.com/goproxy/goproxy/goproxy.go:111.21,113.3 1 8
github.com/goproxy/goproxy/goproxy.go:117.72,120.20 2 8
github.com/goproxy/goproxy/goproxy.go:121.39,121.39 0 7
github.com/goproxy/goproxy/goproxy.go:122.10,124.9 2 1
github.com/goproxy/goproxy/goproxy.go:127.2,128.54 2 7
github.com/goproxy/goproxy/goproxy.go:128.54,131.3 2 4
github.com/goproxy/goproxy/goproxy.go:132.2,134.41 2 3
github.com/goproxy/goproxy/goproxy.go:134.41,137.3 2 1
github.com/goproxy/goproxy/goproxy.go:138.2,138.31 1 2
github.com/goproxy/goproxy/goproxy.go:142.88,146.9 3 25
github.com/goproxy/goproxy/goproxy.go:146.9,149.3 2 1
github.com/goproxy/goproxy/goproxy.go:150.2,151.16 2 24
github.com/goproxy/goproxy/goproxy.go:151.16,154.3 2 1
github.com/goproxy/goproxy/goproxy.go:155.2,155.15 1 23
github.com/goproxy/goproxy/goproxy.go:156.16,158.9 2 4
github.com/goproxy/goproxy/goproxy.go:159.16,161.9 2 2
github.com/goproxy/goproxy/goproxy.go:164.2,164.37 1 17
github.com/goproxy/goproxy/goproxy.go:164.37,167.3 2 1
github.com/goproxy/goproxy/goproxy.go:168.2,170.13 3 16
github.com/goproxy/goproxy/goproxy.go:171.31,171.31 0 14
github.com/goproxy/goproxy/goproxy.go:172.10,174.9 2 1
github.com/goproxy/goproxy/goproxy.go:175.10,177.9 2 1
github.com/goproxy/goproxy/goproxy.go:180.2,182.16 3 14
github.com/goproxy/goproxy/goproxy.go:182.16,185.3 2 1
github.com/goproxy/goproxy/goproxy.go:186.2,186.23 1 13
github.com/goproxy/goproxy/goproxy.go:187.36,189.9 2 3
github.com/goproxy/goproxy/goproxy.go:191.2,191.61 1 10
github.com/goproxy/goproxy/goproxy.go:191.61,193.3 1 6
github.com/goproxy/goproxy/goproxy.go:193.8,193.27 1 4
github.com/goproxy/goproxy/goproxy.go:193.27,195.3 1 3
github.com/goproxy/goproxy/goproxy.go:195.8,197.3 1 1
github.com/goproxy/goproxy/goproxy.go:201.132,206.13 2 10
github.com/goproxy/goproxy/goproxy.go:206.13,209.3 2 2
github.com/goproxy/goproxy/goproxy.go:210.2,211.16 2 8
github.com/goproxy/goproxy/goproxy.go:211.16,212.73 1 1
github.com/goproxy/goproxy/goproxy.go:212.73,215.4 2 1
github.com/goproxy/goproxy/goproxy.go:216.3,216.9 1 1
github.com/goproxy/goproxy/goproxy.go:218.2,218.114 1 7
github.com/goproxy/goproxy/goproxy.go:222.118,227.13 2 5
github.com/goproxy/goproxy/goproxy.go:227.13,230.3 2 2
github.com/goproxy/goproxy/goproxy.go:231.2,232.16 2 3
github.com/goproxy/goproxy/goproxy.go:232.16,233.73 1 1
github.com/goproxy/goproxy/goproxy.go:233.73,236.4 2 1
github.com/goproxy/goproxy/goproxy.go:237.3,237.9 1 1
github.com/goproxy/goproxy/goproxy.go:239.2,239.116 1 2
github.com/goproxy/goproxy/goproxy.go:243.137,248.13 4 17
github.com/goproxy/goproxy/goproxy.go:249.15,250.50 1 10
github.com/goproxy/goproxy/goproxy.go:251.14,252.44 1 4
github.com/goproxy/goproxy/goproxy.go:253.14,254.34 1 3
github.com/goproxy/goproxy/goproxy.go:257.2,257.13 1 17
github.com/goproxy/goproxy/goproxy.go:257.13,260.3 2 5
github.com/goproxy/goproxy/goproxy.go:262.2,262.64 1 12
github.com/goproxy/goproxy/goproxy.go:262.64,266.3 3 2
github.com/goproxy/goproxy/goproxy.go:266.8,266.44 1 10
github.com/goproxy/goproxy/goproxy.go:266.44,270.3 3 1
github.com/goproxy/goproxy/goproxy.go:272.2,273.16 2 9
github.com/goproxy/goproxy/goproxy.go:273.16,277.3 3 1
github.com/goproxy/goproxy/goproxy.go:278.2,290.4 5 8
github.com/goproxy/goproxy/goproxy.go:290.4,291.94 1 22
github.com/goproxy/goproxy/goproxy.go:291.94,295.4 3 1
github.com/goproxy/goproxy/goproxy.go:298.2,299.13 2 7
github.com/goproxy/goproxy/goproxy.go:300.15,301.17 1 2
github.com/goproxy/goproxy/goproxy.go:302.14,303.16 1 3
github.com/goproxy/goproxy/goproxy.go:304.14,305.16 1 2
github.com/goproxy/goproxy/goproxy.go:307.2,307.57 1 7
github.com/goproxy/goproxy/goproxy.go:307.57,311.3 3 1
github.com/goproxy/goproxy/goproxy.go:312.2,312.56 1 6
github.com/goproxy/goproxy/goproxy.go:316.88,318.9 2 12
github.com/goproxy/goproxy/goproxy.go:318.9,321.3 2 1
github.com/goproxy/goproxy/goproxy.go:322.2,324.9 3 11
github.com/goproxy/goproxy/goproxy.go:324.9,327.3 2 3
github.com/goproxy/goproxy/goproxy.go:329.2,333.9 2 8
github.com/goproxy/goproxy/goproxy.go:334.28,337.9 3 1
github.com/goproxy/goproxy/goproxy.go:338.25,340.28 2 4
github.com/goproxy/goproxy/goproxy.go:341.43,343.29 2 1
github.com/goproxy/goproxy/goproxy.go:344.41,346.29 2 1
github.com/goproxy/goproxy/goproxy.go:347.10,349.9 2 1
github.com/goproxy/goproxy/goproxy.go:352.2,353.16 2 6
github.com/goproxy/goproxy/goproxy.go:353.16,357.3 3 1
github.com/goproxy/goproxy/goproxy.go:358.2,361.16 3 5
github.com/goproxy/goproxy/goproxy.go:361.16,362.73 1 1
github.com/goproxy/goproxy/goproxy.go:362.73,365.4 2 1
github.com/goproxy/goproxy/goproxy.go:366.3,366.9 1 1
github.com/goproxy/goproxy/goproxy.go:368.2,368.77 1 4
github.com/goproxy/goproxy/goproxy.go:372.142,374.16 2 16
github.com/goproxy/goproxy/goproxy.go:374.16,375.37 1 7
github.com/goproxy/goproxy/goproxy.go:375.37,376.25 1 6
github.com/goproxy/goproxy/goproxy.go:376.25,378.5 1 4
github.com/goproxy/goproxy/goproxy.go:378.10,380.5 1 2
github.com/goproxy/goproxy/goproxy.go:381.4,381.10 1 6
github.com/goproxy/goproxy/goproxy.go:383.3,385.9 3 1
github.com/goproxy/goproxy/goproxy.go:387.2,388.68 2 9
github.com/goproxy/goproxy/goproxy.go:392.149,393.65 1 17
github.com/goproxy/goproxy/goproxy.go:393.65,397.3 3 2
github.com/goproxy/goproxy/goproxy.go:398.2,398.57 1 15
github.com/goproxy/goproxy/goproxy.go:398.57,402.3 3 1
github.com/goproxy/goproxy/goproxy.go:403.2,403.68 1 14
github.com/goproxy/goproxy/goproxy.go:408.143,410.16 2 6
github.com/goproxy/goproxy/goproxy.go:410.16,414.3 3 1
github.com/goproxy/goproxy/goproxy.go:415.2,416.68 2 5
github.com/goproxy/goproxy/goproxy.go:420.82,421.21 1 31
github.com/goproxy/goproxy/goproxy.go:421.21,423.3 1 1
github.com/goproxy/goproxy/goproxy.go:424.2,424.32 1 30
github.com/goproxy/goproxy/goproxy.go:428.91,429.21 1 42
github.com/goproxy/goproxy/goproxy.go:429.21,431.3 1 1
github.com/goproxy/goproxy/goproxy.go:432.2,432.41 1 41
github.com/goproxy/goproxy/goproxy.go:436.78,438.16 2 2
github.com/goproxy/goproxy/goproxy.go:438.16,440.3 1 1
github.com/goproxy/goproxy/goproxy.go:441.2,442.33 2 1
github.com/goproxy/goproxy/goproxy.go:446.33,447.13 1 15
github.com/goproxy/goproxy/goproxy.go:447.13,449.3 1 1
github.com/goproxy/goproxy/goproxy.go:450.2,450.17 1 14
github.com/goproxy/goproxy/goproxy.go:450.17,452.3 1 2
github.com/goproxy/goproxy/goproxy.go:453.2,454.37 2 14
github.com/goproxy/goproxy/goproxy.go:454.37,455.54 1 2
github.com/goproxy/goproxy/goproxy.go:455.54,457.4 1 1
github.com/goproxy/goproxy/goproxy.go:458.3,458.18 1 1
github.com/goproxy/goproxy/goproxy.go:460.2,460.11 1 12
github.com/goproxy/goproxy/http.go:32.40,32.64 1 48
github.com/goproxy/goproxy/http.go:35.40,35.56 1 10
github.com/goproxy/goproxy/http.go:38.44,38.79 1 67
github.com/goproxy/goproxy/http.go:42.52,44.2 1 59
github.com/goproxy/goproxy/http.go:47.89,50.34 3 126
github.com/goproxy/goproxy/http.go:50.34,51.18 1 192
github.com/goproxy/goproxy/http.go:51.18,52.11 1 66
github.com/goproxy/goproxy/http.go:53.80,53.80 0 65
github.com/goproxy/goproxy/http.go:54.22,55.19 1 1
github.com/goproxy/goproxy/http.go:59.3,60.17 2 191
github.com/goproxy/goproxy/http.go:60.17,62.4 1 1
github.com/goproxy/goproxy/http.go:64.3,65.17 2 190
github.com/goproxy/goproxy/http.go:65.17,66.41 1 2
github.com/goproxy/goproxy/http.go:66.41,68.13 2 0
github.com/goproxy/goproxy/http.go:70.4,70.14 1 2
github.com/goproxy/goproxy/http.go:72.3,72.39 1 188
github.com/goproxy/goproxy/http.go:72.39,73.18 1 96
github.com/goproxy/goproxy/http.go:73.18,75.5 1 93
github.com/goproxy/goproxy/http.go:76.4,77.14 2 96
github.com/goproxy/goproxy/http.go:80.3,82.17 3 92
github.com/goproxy/goproxy/http.go:82.17,84.4 1 1
github.com/goproxy/goproxy/http.go:85.3,85.26 1 91
github.com/goproxy/goproxy/http.go:88.20,89.41 1 17
github.com/goproxy/goproxy/http.go:93.34,94.28 1 63
github.com/goproxy/goproxy/http.go:95.34,96.30 1 10
github.com/goproxy/goproxy/http.go:97.11,98.91 1 1
github.com/goproxy/goproxy/http.go:101.2,101.16 1 7
github.com/goproxy/goproxy/http.go:106.110,108.16 2 61
github.com/goproxy/goproxy/http.go:108.16,110.3 1 1
github.com/goproxy/goproxy/http.go:111.2,111.15 1 60
github.com/goproxy/goproxy/http.go:111.15,112.17 1 60
github.com/goproxy/goproxy/http.go:112.17,114.4 1 7
github.com/goproxy/goproxy/http.go:116.2,116.53 1 60
github.com/goproxy/goproxy/http.go:116.53,118.3 1 7
github.com/goproxy/goproxy/http.go:119.2,119.28 1 53
github.com/goproxy/goproxy/http.go:124.51,125.82 1 9
github.com/goproxy/goproxy/http.go:125.82,127.3 1 4
github.com/goproxy/goproxy/http.go:128.2,128.36 1 5
github.com/goproxy/goproxy/http.go:128.36,130.19 2 3
github.com/goproxy/goproxy/http.go:131.35,132.16 1 1
github.com/goproxy/goproxy/http.go:134.3,134.43 1 2
github.com/goproxy/goproxy/http.go:134.43,136.4 1 1
github.com/goproxy/goproxy/http.go:138.2,138.13 1 3
github.com/goproxy/goproxy/http.go:143.71,145.18 2 68
github.com/goproxy/goproxy/http.go:145.18,147.3 1 67
github.com/goproxy/goproxy/http.go:147.8,149.3 1 1
github.com/goproxy/goproxy/http.go:151.2,152.38 2 68
github.com/goproxy/goproxy/http.go:152.38,154.3 1 43
github.com/goproxy/goproxy/http.go:155.2,156.14 2 68
github.com/goproxy/goproxy/response.go:16.72,17.17 1 229
github.com/goproxy/goproxy/response.go:17.17,19.3 1 144
github.com/goproxy/goproxy/response.go:20.2,21.18 2 85
github.com/goproxy/goproxy/response.go:21.18,23.3 1 5
github.com/goproxy/goproxy/response.go:23.8,25.3 1 80
github.com/goproxy/goproxy/response.go:26.2,26.48 1 85
github.com/goproxy/goproxy/response.go:31.110,35.35 4 103
github.com/goproxy/goproxy/response.go:35.35,37.3 1 102
github.com/goproxy/goproxy/response.go:42.103,44.19 2 58
github.com/goproxy/goproxy/response.go:44.19,47.80 3 31
github.com/goproxy/goproxy/response.go:47.80,49.4 1 23
github.com/goproxy/goproxy/response.go:51.2,51.15 1 58
github.com/goproxy/goproxy/response.go:51.15,53.3 1 28
github.com/goproxy/goproxy/response.go:54.2,54.71 1 58
github.com/goproxy/goproxy/response.go:59.98,61.2 1 2
github.com/goproxy/goproxy/response.go:64.77,66.2 1 41
github.com/goproxy/goproxy/response.go:70.128,75.67 4 121
github.com/goproxy/goproxy/response.go:75.67,77.3 1 2
github.com/goproxy/goproxy/response.go:77.8,77.69 1 119
github.com/goproxy/goproxy/response.go:77.69,79.3 1 1
github.com/goproxy/goproxy/response.go:81.2,81.56 1 121
github.com/goproxy/goproxy/response.go:81.56,82.36 1 2
github.com/goproxy/goproxy/response.go:82.36,84.4 1 2
github.com/goproxy/goproxy/response.go:87.2,87.48 1 121
github.com/goproxy/goproxy/response.go:87.48,90.3 2 105
github.com/goproxy/goproxy/response.go:92.2,92.54 1 16
github.com/goproxy/goproxy/response.go:92.54,93.33 1 2
github.com/goproxy/goproxy/response.go:93.33,95.4 1 2
github.com/goproxy/goproxy/response.go:98.2,98.28 1 16
github.com/goproxy/goproxy/response.go:98.28,100.3 1 3
github.com/goproxy/goproxy/response.go:102.2,103.35 2 16
github.com/goproxy/goproxy/response.go:103.35,105.3 1 16
github.com/goproxy/goproxy/response.go:109.95,110.36 1 11
github.com/goproxy/goproxy/response.go:110.36,113.28 3 8
github.com/goproxy/goproxy/response.go:113.28,115.4 1 1
github.com/goproxy/goproxy/response.go:116.3,116.52 1 8
github.com/goproxy/goproxy/response.go:116.52,118.4 1 1
github.com/goproxy/goproxy/response.go:118.9,118.61 1 7
github.com/goproxy/goproxy/response.go:118.61,120.4 1 1
github.com/goproxy/goproxy/response.go:120.9,120.28 1 6
github.com/goproxy/goproxy/response.go:120.28,122.4 1 4
github.com/goproxy/goproxy/response.go:122.9,124.4 1 2
github.com/goproxy/goproxy/response.go:125.3,125.53 1 8
github.com/goproxy/goproxy/response.go:126.8,126.43 1 3
github.com/goproxy/goproxy/response.go:126.43,128.3 1 1
github.com/goproxy/goproxy/response.go:128.8,130.36 1 2
github.com/goproxy/goproxy/response.go:130.36,132.3 1 1
github.com/goproxy/goproxy/response.go:132.8,134.3 1 1
github.com/goproxy/goproxy/sumdb_client_ops.go:31.105,39.16 3 84
github.com/goproxy/goproxy/sumdb_client_ops.go:39.16,41.3 1 5
github.com/goproxy/goproxy/sumdb_client_ops.go:42.2,42.17 1 79
github.com/goproxy/goproxy/sumdb_client_ops.go:42.17,44.3 1 62
github.com/goproxy/goproxy/sumdb_client_ops.go:44.8,46.3 1 17
github.com/goproxy/goproxy/sumdb_client_ops.go:47.2,47.17 1 79
github.com/goproxy/goproxy/sumdb_client_ops.go:51.52,52.40 1 35
github.com/goproxy/goproxy/sumdb_client_ops.go:52.40,54.3 1 25
github.com/goproxy/goproxy/sumdb_client_ops.go:56.2,58.84 3 10
github.com/goproxy/goproxy/sumdb_client_ops.go:58.84,60.3 1 1
github.com/goproxy/goproxy/sumdb_client_ops.go:62.2,63.67 2 9
github.com/goproxy/goproxy/sumdb_client_ops.go:63.67,65.112 2 8
github.com/goproxy/goproxy/sumdb_client_ops.go:65.112,67.4 1 5
github.com/goproxy/goproxy/sumdb_client_ops.go:68.3,69.13 2 3
github.com/goproxy/goproxy/sumdb_client_ops.go:70.18,70.32 1 2
github.com/goproxy/goproxy/sumdb_client_ops.go:71.2,72.51 2 9
github.com/goproxy/goproxy/sumdb_client_ops.go:72.51,75.3 2 2
github.com/goproxy/goproxy/sumdb_client_ops.go:76.2,79.15 3 7
github.com/goproxy/goproxy/sumdb_client_ops.go:83.68,85.16 2 27
github.com/goproxy/goproxy/sumdb_client_ops.go:85.16,87.3 1 1
github.com/goproxy/goproxy/sumdb_client_ops.go:88.2,89.103 2 26
github.com/goproxy/goproxy/sumdb_client_ops.go:89.103,91.3 1 3
github.com/goproxy/goproxy/sumdb_client_ops.go:92.2,92.25 1 23
github.com/goproxy/goproxy/sumdb_client_ops.go:96.68,97.19 1 40
github.com/goproxy/goproxy/sumdb_client_ops.go:97.19,99.3 1 14
github.com/goproxy/goproxy/sumdb_client_ops.go:100.2,100.40 1 26
github.com/goproxy/goproxy/sumdb_client_ops.go:100.40,102.3 1 25
github.com/goproxy/goproxy/sumdb_client_ops.go:103.2,103.51 1 1
github.com/goproxy/goproxy/sumdb_client_ops.go:107.72,107.86 1 12
github.com/goproxy/goproxy/sumdb_client_ops.go:110.63,110.93 1 36
github.com/goproxy/goproxy/sumdb_client_ops.go:113.62,113.63 0 23
github.com/goproxy/goproxy/sumdb_client_ops.go:116.41,116.42 0 1
github.com/goproxy/goproxy/sumdb_client_ops.go:119.51,119.52 0 1
